\BOOKMARK [0][-]{chapter.1}{Introduction}{}% 1
\BOOKMARK [1][-]{section.1.1}{What even is this?!}{chapter.1}% 2
\BOOKMARK [0][-]{chapter.2}{How To Play}{}% 3
\BOOKMARK [1][-]{section.2.1}{The Groundwork}{chapter.2}% 4
\BOOKMARK [1][-]{section.2.2}{The Anatomy of a Unit}{chapter.2}% 5
\BOOKMARK [1][-]{section.2.3}{Selecting a Unit and taking action}{chapter.2}% 6
\BOOKMARK [2][-]{subsection.2.3.1}{Choosing a Unit}{section.2.3}% 7
\BOOKMARK [2][-]{subsection.2.3.2}{Actions}{section.2.3}% 8
\BOOKMARK [0][-]{chapter.3}{The World Of Untitled Tabletop Game}{}% 9
\BOOKMARK [1][-]{section.3.1}{The general state of things}{chapter.3}% 10
\BOOKMARK [1][-]{section.3.2}{Who are you?}{chapter.3}% 11
\BOOKMARK [2][-]{subsection.3.2.1}{The Terrastrocraty - I am Earths Victor.}{section.3.2}% 12
\BOOKMARK [2][-]{subsection.3.2.2}{The AmazingTM Corporation - I am here to interest you in our ProductsTM.}{section.3.2}% 13
\BOOKMARK [2][-]{subsection.3.2.3}{The Navis Libera - I am ascended through merit.}{section.3.2}% 14
\BOOKMARK [2][-]{subsection.3.2.4}{The Pangalactic Communes - I am the Future. }{section.3.2}% 15
\BOOKMARK [2][-]{subsection.3.2.5}{I - I Am Creations Archivist.}{section.3.2}% 16
\BOOKMARK [2][-]{subsection.3.2.6}{??? - I do not yet know.}{section.3.2}% 17
\BOOKMARK [0][-]{chapter.4}{Warriors of the Future}{}% 18
\BOOKMARK [0][-]{chapter.5}{Scenarios}{}% 19
\BOOKMARK [0][-]{chapter.6}{How To participate}{}% 20
